[Tue Feb  5 15:34:24 2013].765224 CGI Request 1 on process 2507
[Tue Feb  5 15:34:24 2013].779684 msDrawMap(): rendering using outputformat named png (AGG/PNG).
[Tue Feb  5 15:34:24 2013].779809 msDrawMap(): WMS/WFS set-up and query, 0.000s
[Tue Feb  5 15:34:24 2013].785665 msProjectPoint(): Projection library error. proj says: tolerance condition error
[Tue Feb  5 15:34:24 2013].785693 msProjectPoint(): Projection library error. proj says: tolerance condition error
[Tue Feb  5 15:34:24 2013].785709 msProjectPoint(): Projection library error. proj says: tolerance condition error
[Tue Feb  5 15:34:24 2013].785719 msProjectPoint(): Projection library error. proj says: tolerance condition error
[Tue Feb  5 15:34:24 2013].785733 msProjectPoint(): Projection library error. proj says: tolerance condition error
[Tue Feb  5 15:34:24 2013].785743 msProjectPoint(): Projection library error. proj says: tolerance condition error
[Tue Feb  5 15:34:24 2013].785759 msProjectPoint(): Projection library error. proj says: tolerance condition error
[Tue Feb  5 15:34:24 2013].785774 msProjectPoint(): Projection library error. proj says: tolerance condition error
[Tue Feb  5 15:34:24 2013].785784 msProjectPoint(): Projection library error. proj says: tolerance condition error
[Tue Feb  5 15:34:24 2013].785799 msProjectPoint(): Projection library error. proj says: tolerance condition error
[Tue Feb  5 15:34:24 2013].785809 msProjectPoint(): Projection library error. proj says: tolerance condition error
[Tue Feb  5 15:34:24 2013].785824 msProjectPoint(): Projection library error. proj says: tolerance condition error
[Tue Feb  5 15:34:24 2013].785834 msProjectPoint(): Projection library error. proj says: tolerance condition error
[Tue Feb  5 15:34:24 2013].785848 msProjectPoint(): Projection library error. proj says: tolerance condition error
[Tue Feb  5 15:34:24 2013].785859 msProjectPoint(): Projection library error. proj says: tolerance condition error
[Tue Feb  5 15:34:24 2013].785873 msProjectPoint(): Projection library error. proj says: tolerance condition error
[Tue Feb  5 15:34:24 2013].785883 msProjectPoint(): Projection library error. proj says: tolerance condition error
[Tue Feb  5 15:34:24 2013].785897 msProjectPoint(): Projection library error. proj says: tolerance condition error
[Tue Feb  5 15:34:24 2013].785907 msProjectPoint(): Projection library error. proj says: tolerance condition error
[Tue Feb  5 15:34:24 2013].785922 msProjectPoint(): Projection library error. proj says: tolerance condition error
[Tue Feb  5 15:34:24 2013].785932 msProjectPoint(): Projection library error. proj says: tolerance condition error
[Tue Feb  5 15:34:24 2013].785948 msProjectPoint(): Projection library error. proj says: tolerance condition error
[Tue Feb  5 15:34:24 2013].785958 msProjectPoint(): Projection library error. proj says: tolerance condition error
[Tue Feb  5 15:34:24 2013].785973 msProjectPoint(): Projection library error. proj says: tolerance condition error
[Tue Feb  5 15:34:24 2013].785983 msProjectPoint(): Projection library error. proj says: tolerance condition error
[Tue Feb  5 15:34:24 2013].785997 msProjectPoint(): Projection library error. proj says: tolerance condition error
[Tue Feb  5 15:34:24 2013].786007 msProjectPoint(): Projection library error. proj says: tolerance condition error
[Tue Feb  5 15:34:24 2013].786021 msProjectPoint(): Projection library error. proj says: tolerance condition error
[Tue Feb  5 15:34:24 2013].786031 msProjectPoint(): Projection library error. proj says: tolerance condition error
[Tue Feb  5 15:34:24 2013].786045 msProjectPoint(): Projection library error. proj says: tolerance condition error
[Tue Feb  5 15:34:24 2013].786060 msProjectPoint(): Projection library error. proj says: tolerance condition error
[Tue Feb  5 15:34:24 2013].786070 msProjectPoint(): Projection library error. proj says: tolerance condition error
[Tue Feb  5 15:34:24 2013].786086 msProjectPoint(): Projection library error. proj says: tolerance condition error
[Tue Feb  5 15:34:24 2013].786096 msProjectPoint(): Projection library error. proj says: tolerance condition error
[Tue Feb  5 15:34:24 2013].786183 msProjectPoint(): Projection library error. proj says: tolerance condition error
[Tue Feb  5 15:34:24 2013].786195 msProjectPoint(): Projection library error. proj says: tolerance condition error
[Tue Feb  5 15:34:24 2013].786209 msProjectPoint(): Projection library error. proj says: tolerance condition error
[Tue Feb  5 15:34:24 2013].786219 msProjectPoint(): Projection library error. proj says: tolerance condition error
[Tue Feb  5 15:34:24 2013].786234 msProjectPoint(): Projection library error. proj says: tolerance condition error
[Tue Feb  5 15:34:24 2013].786244 msProjectPoint(): Projection library error. proj says: tolerance condition error
[Tue Feb  5 15:34:24 2013].786259 msProjectPoint(): Projection library error. proj says: tolerance condition error
[Tue Feb  5 15:34:24 2013].786269 msProjectPoint(): Projection library error. proj says: tolerance condition error
[Tue Feb  5 15:34:24 2013].786284 msProjectPoint(): Projection library error. proj says: tolerance condition error
[Tue Feb  5 15:34:24 2013].786294 msProjectPoint(): Projection library error. proj says: tolerance condition error
[Tue Feb  5 15:34:24 2013].786308 msProjectPoint(): Projection library error. proj says: tolerance condition error
[Tue Feb  5 15:34:24 2013].786318 msProjectPoint(): Projection library error. proj says: tolerance condition error
[Tue Feb  5 15:34:24 2013].786334 msProjectPoint(): Projection library error. proj says: tolerance condition error
[Tue Feb  5 15:34:24 2013].786345 msProjectPoint(): Projection library error. proj says: tolerance condition error
[Tue Feb  5 15:34:24 2013].786365 msProjectPoint(): Projection library error. proj says: tolerance condition error
[Tue Feb  5 15:34:24 2013].786375 msProjectPoint(): Projection library error. proj says: tolerance condition error
[Tue Feb  5 15:34:24 2013].786390 msProjectPoint(): Projection library error. proj says: tolerance condition error
[Tue Feb  5 15:34:24 2013].786404 msProjectPoint(): Projection library error. proj says: tolerance condition error
[Tue Feb  5 15:34:24 2013].786414 msProjectPoint(): Projection library error. proj says: tolerance condition error
[Tue Feb  5 15:34:24 2013].786428 msProjectPoint(): Projection library error. proj says: tolerance condition error
[Tue Feb  5 15:34:24 2013].786438 msProjectPoint(): Projection library error. proj says: tolerance condition error
[Tue Feb  5 15:34:24 2013].786453 msProjectPoint(): Projection library error. proj says: tolerance condition error
[Tue Feb  5 15:34:24 2013].786462 msProjectPoint(): Projection library error. proj says: tolerance condition error
[Tue Feb  5 15:34:24 2013].786477 msProjectPoint(): Projection library error. proj says: tolerance condition error
[Tue Feb  5 15:34:24 2013].786487 msProjectPoint(): Projection library error. proj says: tolerance condition error
[Tue Feb  5 15:34:24 2013].786502 msProjectPoint(): Projection library error. proj says: tolerance condition error
[Tue Feb  5 15:34:24 2013].786513 msProjectPoint(): Projection library error. proj says: tolerance condition error
[Tue Feb  5 15:34:24 2013].786527 msProjectPoint(): Projection library error. proj says: tolerance condition error
[Tue Feb  5 15:34:24 2013].786537 msProjectPoint(): Projection library error. proj says: tolerance condition error
[Tue Feb  5 15:34:24 2013].786551 msProjectPoint(): Projection library error. proj says: tolerance condition error
[Tue Feb  5 15:34:24 2013].786561 msProjectPoint(): Projection library error. proj says: tolerance condition error
[Tue Feb  5 15:34:24 2013].790591 msDrawMap(): Layer 0 (ocean1), 0.011s
[Tue Feb  5 15:34:24 2013].792314 msProjectPoint(): Projection library error. proj says: tolerance condition error
[Tue Feb  5 15:34:24 2013].792338 msProjectPoint(): Projection library error. proj says: tolerance condition error
[Tue Feb  5 15:34:24 2013].799158 msDrawMap(): Layer 1 (land1), 0.008s
[Tue Feb  5 15:34:24 2013].810971 msDrawMap(): Layer 2 (coastline1), 0.012s
[Tue Feb  5 15:34:24 2013].817159 msDrawMap(): Layer 3 (country_boundaries1), 0.006s
[Tue Feb  5 15:34:24 2013].817571 msDrawLabelCache(): labelcache_map_edge_buffer = 10
[Tue Feb  5 15:34:24 2013].817589 msDrawMap(): Drawing Label Cache, 0.000s
[Tue Feb  5 15:34:24 2013].817604 msDrawMap() total time: 0.052s
[Tue Feb  5 15:34:24 2013].937222 msSaveImage(stdout) total time: 0.119s
[Tue Feb  5 15:34:24 2013].939380 mapserv request processing time (msLoadMap not incl.): 0.174s
[Tue Feb  5 15:34:24 2013].939422 msFreeMap(): freeing map at 0x60c460.
[Tue Feb  5 15:34:26 2013].441323 CGI Request 1 on process 2508
[Tue Feb  5 15:34:26 2013].455839 msDrawMap(): rendering using outputformat named png (AGG/PNG).
[Tue Feb  5 15:34:26 2013].455964 msDrawMap(): WMS/WFS set-up and query, 0.000s
[Tue Feb  5 15:34:26 2013].461719 msProjectPoint(): Projection library error. proj says: tolerance condition error
[Tue Feb  5 15:34:26 2013].461752 msProjectPoint(): Projection library error. proj says: tolerance condition error
[Tue Feb  5 15:34:26 2013].461763 msProjectPoint(): Projection library error. proj says: tolerance condition error
[Tue Feb  5 15:34:26 2013].461777 msProjectPoint(): Projection library error. proj says: tolerance condition error
[Tue Feb  5 15:34:26 2013].461787 msProjectPoint(): Projection library error. proj says: tolerance condition error
[Tue Feb  5 15:34:26 2013].461802 msProjectPoint(): Projection library error. proj says: tolerance condition error
[Tue Feb  5 15:34:26 2013].461812 msProjectPoint(): Projection library error. proj says: tolerance condition error
[Tue Feb  5 15:34:26 2013].461826 msProjectPoint(): Projection library error. proj says: tolerance condition error
[Tue Feb  5 15:34:26 2013].461836 msProjectPoint(): Projection library error. proj says: tolerance condition error
[Tue Feb  5 15:34:26 2013].461849 msProjectPoint(): Projection library error. proj says: tolerance condition error
[Tue Feb  5 15:34:26 2013].461859 msProjectPoint(): Projection library error. proj says: tolerance condition error
[Tue Feb  5 15:34:26 2013].461874 msProjectPoint(): Projection library error. proj says: tolerance condition error
[Tue Feb  5 15:34:26 2013].461883 msProjectPoint(): Projection library error. proj says: tolerance condition error
[Tue Feb  5 15:34:26 2013].461897 msProjectPoint(): Projection library error. proj says: tolerance condition error
[Tue Feb  5 15:34:26 2013].461907 msProjectPoint(): Projection library error. proj says: tolerance condition error
[Tue Feb  5 15:34:26 2013].461921 msProjectPoint(): Projection library error. proj says: tolerance condition error
[Tue Feb  5 15:34:26 2013].461931 msProjectPoint(): Projection library error. proj says: tolerance condition error
[Tue Feb  5 15:34:26 2013].461945 msProjectPoint(): Projection library error. proj says: tolerance condition error
[Tue Feb  5 15:34:26 2013].461955 msProjectPoint(): Projection library error. proj says: tolerance condition error
[Tue Feb  5 15:34:26 2013].461969 msProjectPoint(): Projection library error. proj says: tolerance condition error
[Tue Feb  5 15:34:26 2013].461983 msProjectPoint(): Projection library error. proj says: tolerance condition error
[Tue Feb  5 15:34:26 2013].461993 msProjectPoint(): Projection library error. proj says: tolerance condition error
[Tue Feb  5 15:34:26 2013].462008 msProjectPoint(): Projection library error. proj says: tolerance condition error
[Tue Feb  5 15:34:26 2013].462018 msProjectPoint(): Projection library error. proj says: tolerance condition error
[Tue Feb  5 15:34:26 2013].462032 msProjectPoint(): Projection library error. proj says: tolerance condition error
[Tue Feb  5 15:34:26 2013].462042 msProjectPoint(): Projection library error. proj says: tolerance condition error
[Tue Feb  5 15:34:26 2013].462056 msProjectPoint(): Projection library error. proj says: tolerance condition error
[Tue Feb  5 15:34:26 2013].462066 msProjectPoint(): Projection library error. proj says: tolerance condition error
[Tue Feb  5 15:34:26 2013].462080 msProjectPoint(): Projection library error. proj says: tolerance condition error
[Tue Feb  5 15:34:26 2013].462090 msProjectPoint(): Projection library error. proj says: tolerance condition error
[Tue Feb  5 15:34:26 2013].462104 msProjectPoint(): Projection library error. proj says: tolerance condition error
[Tue Feb  5 15:34:26 2013].462114 msProjectPoint(): Projection library error. proj says: tolerance condition error
[Tue Feb  5 15:34:26 2013].462130 msProjectPoint(): Projection library error. proj says: tolerance condition error
[Tue Feb  5 15:34:26 2013].462140 msProjectPoint(): Projection library error. proj says: tolerance condition error
[Tue Feb  5 15:34:26 2013].462233 msProjectPoint(): Projection library error. proj says: tolerance condition error
[Tue Feb  5 15:34:26 2013].462244 msProjectPoint(): Projection library error. proj says: tolerance condition error
[Tue Feb  5 15:34:26 2013].462259 msProjectPoint(): Projection library error. proj says: tolerance condition error
[Tue Feb  5 15:34:26 2013].462269 msProjectPoint(): Projection library error. proj says: tolerance condition error
[Tue Feb  5 15:34:26 2013].462283 msProjectPoint(): Projection library error. proj says: tolerance condition error
[Tue Feb  5 15:34:26 2013].462293 msProjectPoint(): Projection library error. proj says: tolerance condition error
[Tue Feb  5 15:34:26 2013].462307 msProjectPoint(): Projection library error. proj says: tolerance condition error
[Tue Feb  5 15:34:26 2013].462322 msProjectPoint(): Projection library error. proj says: tolerance condition error
[Tue Feb  5 15:34:26 2013].462332 msProjectPoint(): Projection library error. proj says: tolerance condition error
[Tue Feb  5 15:34:26 2013].462346 msProjectPoint(): Projection library error. proj says: tolerance condition error
[Tue Feb  5 15:34:26 2013].462356 msProjectPoint(): Projection library error. proj says: tolerance condition error
[Tue Feb  5 15:34:26 2013].462378 msProjectPoint(): Projection library error. proj says: tolerance condition error
[Tue Feb  5 15:34:26 2013].462388 msProjectPoint(): Projection library error. proj says: tolerance condition error
[Tue Feb  5 15:34:26 2013].462402 msProjectPoint(): Projection library error. proj says: tolerance condition error
[Tue Feb  5 15:34:26 2013].462412 msProjectPoint(): Projection library error. proj says: tolerance condition error
[Tue Feb  5 15:34:26 2013].462427 msProjectPoint(): Projection library error. proj says: tolerance condition error
[Tue Feb  5 15:34:26 2013].462437 msProjectPoint(): Projection library error. proj says: tolerance condition error
[Tue Feb  5 15:34:26 2013].462451 msProjectPoint(): Projection library error. proj says: tolerance condition error
[Tue Feb  5 15:34:26 2013].462461 msProjectPoint(): Projection library error. proj says: tolerance condition error
[Tue Feb  5 15:34:26 2013].462475 msProjectPoint(): Projection library error. proj says: tolerance condition error
[Tue Feb  5 15:34:26 2013].462485 msProjectPoint(): Projection library error. proj says: tolerance condition error
[Tue Feb  5 15:34:26 2013].462499 msProjectPoint(): Projection library error. proj says: tolerance condition error
[Tue Feb  5 15:34:26 2013].462509 msProjectPoint(): Projection library error. proj says: tolerance condition error
[Tue Feb  5 15:34:26 2013].462523 msProjectPoint(): Projection library error. proj says: tolerance condition error
[Tue Feb  5 15:34:26 2013].462533 msProjectPoint(): Projection library error. proj says: tolerance condition error
[Tue Feb  5 15:34:26 2013].462548 msProjectPoint(): Projection library error. proj says: tolerance condition error
[Tue Feb  5 15:34:26 2013].462558 msProjectPoint(): Projection library error. proj says: tolerance condition error
[Tue Feb  5 15:34:26 2013].462573 msProjectPoint(): Projection library error. proj says: tolerance condition error
[Tue Feb  5 15:34:26 2013].462583 msProjectPoint(): Projection library error. proj says: tolerance condition error
[Tue Feb  5 15:34:26 2013].462596 msProjectPoint(): Projection library error. proj says: tolerance condition error
[Tue Feb  5 15:34:26 2013].462611 msProjectPoint(): Projection library error. proj says: tolerance condition error
[Tue Feb  5 15:34:26 2013].470160 msDrawMap(): Layer 4 (ocean2), 0.014s
[Tue Feb  5 15:34:26 2013].471866 msProjectPoint(): Projection library error. proj says: tolerance condition error
[Tue Feb  5 15:34:26 2013].471890 msProjectPoint(): Projection library error. proj says: tolerance condition error
[Tue Feb  5 15:34:26 2013].480230 msDrawMap(): Layer 5 (land2), 0.010s
[Tue Feb  5 15:34:26 2013].494560 msDrawMap(): Layer 6 (coastline2), 0.014s
[Tue Feb  5 15:34:26 2013].502056 msDrawMap(): Layer 7 (country_boundaries2), 0.007s
[Tue Feb  5 15:34:26 2013].502446 msDrawLabelCache(): labelcache_map_edge_buffer = 10
[Tue Feb  5 15:34:26 2013].502463 msDrawMap(): Drawing Label Cache, 0.000s
[Tue Feb  5 15:34:26 2013].502478 msDrawMap() total time: 0.060s
[Tue Feb  5 15:34:26 2013].636709 msSaveImage(stdout) total time: 0.134s
[Tue Feb  5 15:34:26 2013].638843 mapserv request processing time (msLoadMap not incl.): 0.198s
[Tue Feb  5 15:34:26 2013].638878 msFreeMap(): freeing map at 0x60c460.
[Tue Feb  5 15:34:27 2013].280487 CGI Request 1 on process 2509
[Tue Feb  5 15:34:27 2013].295494 msDrawMap(): rendering using outputformat named png (AGG/PNG).
[Tue Feb  5 15:34:27 2013].295617 msDrawMap(): WMS/WFS set-up and query, 0.000s
[Tue Feb  5 15:34:27 2013].301586 msProjectPoint(): Projection library error. proj says: tolerance condition error
[Tue Feb  5 15:34:27 2013].301614 msProjectPoint(): Projection library error. proj says: tolerance condition error
[Tue Feb  5 15:34:27 2013].301629 msProjectPoint(): Projection library error. proj says: tolerance condition error
[Tue Feb  5 15:34:27 2013].301639 msProjectPoint(): Projection library error. proj says: tolerance condition error
[Tue Feb  5 15:34:27 2013].301653 msProjectPoint(): Projection library error. proj says: tolerance condition error
[Tue Feb  5 15:34:27 2013].301663 msProjectPoint(): Projection library error. proj says: tolerance condition error
[Tue Feb  5 15:34:27 2013].301677 msProjectPoint(): Projection library error. proj says: tolerance condition error
[Tue Feb  5 15:34:27 2013].301686 msProjectPoint(): Projection library error. proj says: tolerance condition error
[Tue Feb  5 15:34:27 2013].301700 msProjectPoint(): Projection library error. proj says: tolerance condition error
[Tue Feb  5 15:34:27 2013].301710 msProjectPoint(): Projection library error. proj says: tolerance condition error
[Tue Feb  5 15:34:27 2013].301724 msProjectPoint(): Projection library error. proj says: tolerance condition error
[Tue Feb  5 15:34:27 2013].301734 msProjectPoint(): Projection library error. proj says: tolerance condition error
[Tue Feb  5 15:34:27 2013].301748 msProjectPoint(): Projection library error. proj says: tolerance condition error
[Tue Feb  5 15:34:27 2013].301758 msProjectPoint(): Projection library error. proj says: tolerance condition error
[Tue Feb  5 15:34:27 2013].301772 msProjectPoint(): Projection library error. proj says: tolerance condition error
[Tue Feb  5 15:34:27 2013].301781 msProjectPoint(): Projection library error. proj says: tolerance condition error
[Tue Feb  5 15:34:27 2013].301796 msProjectPoint(): Projection library error. proj says: tolerance condition error
[Tue Feb  5 15:34:27 2013].301806 msProjectPoint(): Projection library error. proj says: tolerance condition error
[Tue Feb  5 15:34:27 2013].301820 msProjectPoint(): Projection library error. proj says: tolerance condition error
[Tue Feb  5 15:34:27 2013].301834 msProjectPoint(): Projection library error. proj says: tolerance condition error
[Tue Feb  5 15:34:27 2013].301844 msProjectPoint(): Projection library error. proj says: tolerance condition error
[Tue Feb  5 15:34:27 2013].301861 msProjectPoint(): Projection library error. proj says: tolerance condition error
[Tue Feb  5 15:34:27 2013].301871 msProjectPoint(): Projection library error. proj says: tolerance condition error
[Tue Feb  5 15:34:27 2013].301886 msProjectPoint(): Projection library error. proj says: tolerance condition error
[Tue Feb  5 15:34:27 2013].301896 msProjectPoint(): Projection library error. proj says: tolerance condition error
[Tue Feb  5 15:34:27 2013].301911 msProjectPoint(): Projection library error. proj says: tolerance condition error
[Tue Feb  5 15:34:27 2013].301921 msProjectPoint(): Projection library error. proj says: tolerance condition error
[Tue Feb  5 15:34:27 2013].301935 msProjectPoint(): Projection library error. proj says: tolerance condition error
[Tue Feb  5 15:34:27 2013].301945 msProjectPoint(): Projection library error. proj says: tolerance condition error
[Tue Feb  5 15:34:27 2013].301958 msProjectPoint(): Projection library error. proj says: tolerance condition error
[Tue Feb  5 15:34:27 2013].301968 msProjectPoint(): Projection library error. proj says: tolerance condition error
[Tue Feb  5 15:34:27 2013].301982 msProjectPoint(): Projection library error. proj says: tolerance condition error
[Tue Feb  5 15:34:27 2013].301992 msProjectPoint(): Projection library error. proj says: tolerance condition error
[Tue Feb  5 15:34:27 2013].302006 msProjectPoint(): Projection library error. proj says: tolerance condition error
[Tue Feb  5 15:34:27 2013].302111 msProjectPoint(): Projection library error. proj says: tolerance condition error
[Tue Feb  5 15:34:27 2013].302127 msProjectPoint(): Projection library error. proj says: tolerance condition error
[Tue Feb  5 15:34:27 2013].302137 msProjectPoint(): Projection library error. proj says: tolerance condition error
[Tue Feb  5 15:34:27 2013].302151 msProjectPoint(): Projection library error. proj says: tolerance condition error
[Tue Feb  5 15:34:27 2013].302161 msProjectPoint(): Projection library error. proj says: tolerance condition error
[Tue Feb  5 15:34:27 2013].302175 msProjectPoint(): Projection library error. proj says: tolerance condition error
[Tue Feb  5 15:34:27 2013].302189 msProjectPoint(): Projection library error. proj says: tolerance condition error
[Tue Feb  5 15:34:27 2013].302199 msProjectPoint(): Projection library error. proj says: tolerance condition error
[Tue Feb  5 15:34:27 2013].302213 msProjectPoint(): Projection library error. proj says: tolerance condition error
[Tue Feb  5 15:34:27 2013].302223 msProjectPoint(): Projection library error. proj says: tolerance condition error
[Tue Feb  5 15:34:27 2013].302237 msProjectPoint(): Projection library error. proj says: tolerance condition error
[Tue Feb  5 15:34:27 2013].302247 msProjectPoint(): Projection library error. proj says: tolerance condition error
[Tue Feb  5 15:34:27 2013].302261 msProjectPoint(): Projection library error. proj says: tolerance condition error
[Tue Feb  5 15:34:27 2013].302270 msProjectPoint(): Projection library error. proj says: tolerance condition error
[Tue Feb  5 15:34:27 2013].302289 msProjectPoint(): Projection library error. proj says: tolerance condition error
[Tue Feb  5 15:34:27 2013].302299 msProjectPoint(): Projection library error. proj says: tolerance condition error
[Tue Feb  5 15:34:27 2013].302314 msProjectPoint(): Projection library error. proj says: tolerance condition error
[Tue Feb  5 15:34:27 2013].302324 msProjectPoint(): Projection library error. proj says: tolerance condition error
[Tue Feb  5 15:34:27 2013].302338 msProjectPoint(): Projection library error. proj says: tolerance condition error
[Tue Feb  5 15:34:27 2013].302348 msProjectPoint(): Projection library error. proj says: tolerance condition error
[Tue Feb  5 15:34:27 2013].302362 msProjectPoint(): Projection library error. proj says: tolerance condition error
[Tue Feb  5 15:34:27 2013].302371 msProjectPoint(): Projection library error. proj says: tolerance condition error
[Tue Feb  5 15:34:27 2013].302385 msProjectPoint(): Projection library error. proj says: tolerance condition error
[Tue Feb  5 15:34:27 2013].302395 msProjectPoint(): Projection library error. proj says: tolerance condition error
[Tue Feb  5 15:34:27 2013].302409 msProjectPoint(): Projection library error. proj says: tolerance condition error
[Tue Feb  5 15:34:27 2013].302418 msProjectPoint(): Projection library error. proj says: tolerance condition error
[Tue Feb  5 15:34:27 2013].302432 msProjectPoint(): Projection library error. proj says: tolerance condition error
[Tue Feb  5 15:34:27 2013].302447 msProjectPoint(): Projection library error. proj says: tolerance condition error
[Tue Feb  5 15:34:27 2013].302457 msProjectPoint(): Projection library error. proj says: tolerance condition error
[Tue Feb  5 15:34:27 2013].302472 msProjectPoint(): Projection library error. proj says: tolerance condition error
[Tue Feb  5 15:34:27 2013].302481 msProjectPoint(): Projection library error. proj says: tolerance condition error
[Tue Feb  5 15:34:27 2013].315395 msDrawMap(): Layer 8 (ocean3), 0.020s
[Tue Feb  5 15:34:27 2013].327725 msDrawMap(): Layer 9 (land3), 0.012s
[Tue Feb  5 15:34:27 2013].343581 msDrawMap(): Layer 10 (coastline3), 0.016s
[Tue Feb  5 15:34:27 2013].346163 msDrawMap(): Layer 11 (lakes3), 0.003s
[Tue Feb  5 15:34:27 2013].355459 msDrawMap(): Layer 12 (country_boundaries3), 0.009s
[Tue Feb  5 15:34:27 2013].427022 msDrawMap(): Layer 13 (countries3), 0.072s
[Tue Feb  5 15:34:27 2013].427447 msDrawLabelCache(): labelcache_map_edge_buffer = 10
[Tue Feb  5 15:34:27 2013].456798 msDrawMap(): Drawing Label Cache, 0.029s
[Tue Feb  5 15:34:27 2013].456879 msDrawMap() total time: 0.176s
[Tue Feb  5 15:34:27 2013].619552 msSaveImage(stdout) total time: 0.162s
[Tue Feb  5 15:34:27 2013].622118 mapserv request processing time (msLoadMap not incl.): 0.342s
[Tue Feb  5 15:34:27 2013].622155 msFreeMap(): freeing map at 0x60c460.
[Tue Feb  5 15:34:28 2013].521611 CGI Request 1 on process 2510
[Tue Feb  5 15:34:28 2013].537295 msDrawMap(): rendering using outputformat named png (AGG/PNG).
[Tue Feb  5 15:34:28 2013].537424 msDrawMap(): WMS/WFS set-up and query, 0.000s
[Tue Feb  5 15:34:28 2013].542763 msProjectPoint(): Projection library error. proj says: tolerance condition error
[Tue Feb  5 15:34:28 2013].542795 msProjectPoint(): Projection library error. proj says: tolerance condition error
[Tue Feb  5 15:34:28 2013].542806 msProjectPoint(): Projection library error. proj says: tolerance condition error
[Tue Feb  5 15:34:28 2013].542824 msProjectPoint(): Projection library error. proj says: tolerance condition error
[Tue Feb  5 15:34:28 2013].542834 msProjectPoint(): Projection library error. proj says: tolerance condition error
[Tue Feb  5 15:34:28 2013].542849 msProjectPoint(): Projection library error. proj says: tolerance condition error
[Tue Feb  5 15:34:28 2013].542859 msProjectPoint(): Projection library error. proj says: tolerance condition error
[Tue Feb  5 15:34:28 2013].542873 msProjectPoint(): Projection library error. proj says: tolerance condition error
[Tue Feb  5 15:34:28 2013].542883 msProjectPoint(): Projection library error. proj says: tolerance condition error
[Tue Feb  5 15:34:28 2013].542898 msProjectPoint(): Projection library error. proj says: tolerance condition error
[Tue Feb  5 15:34:28 2013].542908 msProjectPoint(): Projection library error. proj says: tolerance condition error
[Tue Feb  5 15:34:28 2013].542922 msProjectPoint(): Projection library error. proj says: tolerance condition error
[Tue Feb  5 15:34:28 2013].542932 msProjectPoint(): Projection library error. proj says: tolerance condition error
[Tue Feb  5 15:34:28 2013].542946 msProjectPoint(): Projection library error. proj says: tolerance condition error
[Tue Feb  5 15:34:28 2013].542956 msProjectPoint(): Projection library error. proj says: tolerance condition error
[Tue Feb  5 15:34:28 2013].542971 msProjectPoint(): Projection library error. proj says: tolerance condition error
[Tue Feb  5 15:34:28 2013].542986 msProjectPoint(): Projection library error. proj says: tolerance condition error
[Tue Feb  5 15:34:28 2013].542996 msProjectPoint(): Projection library error. proj says: tolerance condition error
[Tue Feb  5 15:34:28 2013].543017 msProjectPoint(): Projection library error. proj says: tolerance condition error
[Tue Feb  5 15:34:28 2013].543027 msProjectPoint(): Projection library error. proj says: tolerance condition error
[Tue Feb  5 15:34:28 2013].543043 msProjectPoint(): Projection library error. proj says: tolerance condition error
[Tue Feb  5 15:34:28 2013].543053 msProjectPoint(): Projection library error. proj says: tolerance condition error
[Tue Feb  5 15:34:28 2013].543068 msProjectPoint(): Projection library error. proj says: tolerance condition error
[Tue Feb  5 15:34:28 2013].543078 msProjectPoint(): Projection library error. proj says: tolerance condition error
[Tue Feb  5 15:34:28 2013].543093 msProjectPoint(): Projection library error. proj says: tolerance condition error
[Tue Feb  5 15:34:28 2013].543103 msProjectPoint(): Projection library error. proj says: tolerance condition error
[Tue Feb  5 15:34:28 2013].543118 msProjectPoint(): Projection library error. proj says: tolerance condition error
[Tue Feb  5 15:34:28 2013].543128 msProjectPoint(): Projection library error. proj says: tolerance condition error
[Tue Feb  5 15:34:28 2013].543143 msProjectPoint(): Projection library error. proj says: tolerance condition error
[Tue Feb  5 15:34:28 2013].543153 msProjectPoint(): Projection library error. proj says: tolerance condition error
[Tue Feb  5 15:34:28 2013].543170 msProjectPoint(): Projection library error. proj says: tolerance condition error
[Tue Feb  5 15:34:28 2013].543180 msProjectPoint(): Projection library error. proj says: tolerance condition error
[Tue Feb  5 15:34:28 2013].543194 msProjectPoint(): Projection library error. proj says: tolerance condition error
[Tue Feb  5 15:34:28 2013].543204 msProjectPoint(): Projection library error. proj says: tolerance condition error
[Tue Feb  5 15:34:28 2013].543302 msProjectPoint(): Projection library error. proj says: tolerance condition error
[Tue Feb  5 15:34:28 2013].543313 msProjectPoint(): Projection library error. proj says: tolerance condition error
[Tue Feb  5 15:34:28 2013].543328 msProjectPoint(): Projection library error. proj says: tolerance condition error
[Tue Feb  5 15:34:28 2013].543338 msProjectPoint(): Projection library error. proj says: tolerance condition error
[Tue Feb  5 15:34:28 2013].543352 msProjectPoint(): Projection library error. proj says: tolerance condition error
[Tue Feb  5 15:34:28 2013].543368 msProjectPoint(): Projection library error. proj says: tolerance condition error
[Tue Feb  5 15:34:28 2013].543378 msProjectPoint(): Projection library error. proj says: tolerance condition error
[Tue Feb  5 15:34:28 2013].543392 msProjectPoint(): Projection library error. proj says: tolerance condition error
[Tue Feb  5 15:34:28 2013].543402 msProjectPoint(): Projection library error. proj says: tolerance condition error
[Tue Feb  5 15:34:28 2013].543416 msProjectPoint(): Projection library error. proj says: tolerance condition error
[Tue Feb  5 15:34:28 2013].543426 msProjectPoint(): Projection library error. proj says: tolerance condition error
[Tue Feb  5 15:34:28 2013].543442 msProjectPoint(): Projection library error. proj says: tolerance condition error
[Tue Feb  5 15:34:28 2013].543453 msProjectPoint(): Projection library error. proj says: tolerance condition error
[Tue Feb  5 15:34:28 2013].543467 msProjectPoint(): Projection library error. proj says: tolerance condition error
[Tue Feb  5 15:34:28 2013].543477 msProjectPoint(): Projection library error. proj says: tolerance condition error
[Tue Feb  5 15:34:28 2013].543491 msProjectPoint(): Projection library error. proj says: tolerance condition error
[Tue Feb  5 15:34:28 2013].543501 msProjectPoint(): Projection library error. proj says: tolerance condition error
[Tue Feb  5 15:34:28 2013].543516 msProjectPoint(): Projection library error. proj says: tolerance condition error
[Tue Feb  5 15:34:28 2013].543526 msProjectPoint(): Projection library error. proj says: tolerance condition error
[Tue Feb  5 15:34:28 2013].543540 msProjectPoint(): Projection library error. proj says: tolerance condition error
[Tue Feb  5 15:34:28 2013].543550 msProjectPoint(): Projection library error. proj says: tolerance condition error
[Tue Feb  5 15:34:28 2013].543564 msProjectPoint(): Projection library error. proj says: tolerance condition error
[Tue Feb  5 15:34:28 2013].543574 msProjectPoint(): Projection library error. proj says: tolerance condition error
[Tue Feb  5 15:34:28 2013].543590 msProjectPoint(): Projection library error. proj says: tolerance condition error
[Tue Feb  5 15:34:28 2013].543600 msProjectPoint(): Projection library error. proj says: tolerance condition error
[Tue Feb  5 15:34:28 2013].543614 msProjectPoint(): Projection library error. proj says: tolerance condition error
[Tue Feb  5 15:34:28 2013].543629 msProjectPoint(): Projection library error. proj says: tolerance condition error
[Tue Feb  5 15:34:28 2013].543639 msProjectPoint(): Projection library error. proj says: tolerance condition error
[Tue Feb  5 15:34:28 2013].543653 msProjectPoint(): Projection library error. proj says: tolerance condition error
[Tue Feb  5 15:34:28 2013].543663 msProjectPoint(): Projection library error. proj says: tolerance condition error
[Tue Feb  5 15:34:28 2013].543678 msProjectPoint(): Projection library error. proj says: tolerance condition error
[Tue Feb  5 15:34:28 2013].554121 msDrawMap(): Layer 14 (ocean4), 0.017s
[Tue Feb  5 15:34:28 2013].565034 msDrawMap(): Layer 15 (land4), 0.011s
[Tue Feb  5 15:34:28 2013].576468 msDrawMap(): Layer 16 (coastline4), 0.011s
[Tue Feb  5 15:34:28 2013].578376 msDrawMap(): Layer 17 (lakes4), 0.002s
[Tue Feb  5 15:34:28 2013].582662 msDrawMap(): Layer 18 (country_boundaries4), 0.004s
[Tue Feb  5 15:34:28 2013].589669 msDrawMap(): Layer 19 (countries4), 0.007s
[Tue Feb  5 15:34:28 2013].589997 msDrawLabelCache(): labelcache_map_edge_buffer = 10
[Tue Feb  5 15:34:28 2013].603319 msDrawMap(): Drawing Label Cache, 0.013s
[Tue Feb  5 15:34:28 2013].603355 msDrawMap() total time: 0.081s
[Tue Feb  5 15:34:28 2013].740212 msSaveImage(stdout) total time: 0.137s
[Tue Feb  5 15:34:28 2013].742533 mapserv request processing time (msLoadMap not incl.): 0.221s
[Tue Feb  5 15:34:28 2013].742563 msFreeMap(): freeing map at 0x60c460.
